# JRE version: Java(TM) SE Runtime Environment 18.9 (11.0.10+8) (build 11.0.10+8-LTS-162)
# Java VM: Java HotSpot(TM) 64-Bit Server VM 18.9 (11.0.10+8-LTS-162, mixed mode, tiered, compressed oops, g1 gc, windows-amd64)
Heap:
 garbage-first heap   total 131072K, used 40238K [0x0000000081e00000, 0x0000000100000000)
  region size 1024K, 31 young (31744K), 6 survivors (6144K)
 Metaspace       used 36381K, capacity 37598K, committed 37756K, reserved 1081344K
  class space    used 4402K, capacity 4941K, committed 4988K, reserved 1048576K
GC Heap History (10 events):
Event: 7.876 GC heap before
{Heap before GC invocations=1 (full 0):
 garbage-first heap   total 131072K, used 80763K [0x0000000081e00000, 0x0000000100000000)
  region size 1024K, 76 young (77824K), 3 survivors (3072K)
 Metaspace       used 18478K, capacity 19101K, committed 19200K, reserved 1067008K
  class space    used 2016K, capacity 2253K, committed 2304K, reserved 1048576K
}
Event: 7.890 GC heap after
{Heap after GC invocations=2 (full 0):
 garbage-first heap   total 131072K, used 9071K [0x0000000081e00000, 0x0000000100000000)
  region size 1024K, 5 young (5120K), 5 survivors (5120K)
 Metaspace       used 18478K, capacity 19101K, committed 19200K, reserved 1067008K
  class space    used 2016K, capacity 2253K, committed 2304K, reserved 1048576K
}
Event: 8.747 GC heap before
{Heap before GC invocations=2 (full 0):
 garbage-first heap   total 131072K, used 21359K [0x0000000081e00000, 0x0000000100000000)
  region size 1024K, 19 young (19456K), 5 survivors (5120K)
 Metaspace       used 20530K, capacity 21253K, committed 21296K, reserved 1069056K
  class space    used 2299K, capacity 2570K, committed 2608K, reserved 1048576K
}
Event: 8.759 GC heap after
{Heap after GC invocations=3 (full 0):
 garbage-first heap   total 131072K, used 10492K [0x0000000081e00000, 0x0000000100000000)
  region size 1024K, 7 young (7168K), 7 survivors (7168K)
 Metaspace       used 20530K, capacity 21253K, committed 21296K, reserved 1069056K
  class space    used 2299K, capacity 2570K, committed 2608K, reserved 1048576K
}
Event: 9.753 GC heap before
{Heap before GC invocations=4 (full 0):
 garbage-first heap   total 131072K, used 60668K [0x0000000081e00000, 0x0000000100000000)
  region size 1024K, 56 young (57344K), 7 survivors (7168K)
 Metaspace       used 27949K, capacity 28912K, committed 29052K, reserved 1075200K
  class space    used 3244K, capacity 3596K, committed 3708K, reserved 1048576K
}
Event: 9.770 GC heap after
{Heap after GC invocations=5 (full 0):
 garbage-first heap   total 131072K, used 12205K [0x0000000081e00000, 0x0000000100000000)
  region size 1024K, 5 young (5120K), 5 survivors (5120K)
 Metaspace       used 27949K, capacity 28912K, committed 29052K, reserved 1075200K
  class space    used 3244K, capacity 3596K, committed 3708K, reserved 1048576K
}
Event: 12.245 GC heap before
{Heap before GC invocations=5 (full 0):
 garbage-first heap   total 131072K, used 72621K [0x0000000081e00000, 0x0000000100000000)
  region size 1024K, 64 young (65536K), 5 survivors (5120K)
 Metaspace       used 32641K, capacity 33767K, committed 33916K, reserved 1079296K
  class space    used 3885K, capacity 4358K, committed 4476K, reserved 1048576K
}
Event: 12.265 GC heap after
{Heap after GC invocations=6 (full 0):
 garbage-first heap   total 131072K, used 14672K [0x0000000081e00000, 0x0000000100000000)
  region size 1024K, 6 young (6144K), 6 survivors (6144K)
 Metaspace       used 32641K, capacity 33767K, committed 33916K, reserved 1079296K
  class space    used 3885K, capacity 4358K, committed 4476K, reserved 1048576K
}
Event: 14.377 GC heap before
{Heap before GC invocations=6 (full 0):
 garbage-first heap   total 131072K, used 34128K [0x0000000081e00000, 0x0000000100000000)
  region size 1024K, 26 young (26624K), 6 survivors (6144K)
 Metaspace       used 34623K, capacity 35825K, committed 35964K, reserved 1081344K
  class space    used 4148K, capacity 4629K, committed 4732K, reserved 1048576K
}
Event: 14.395 GC heap after
{Heap after GC invocations=7 (full 0):
 garbage-first heap   total 131072K, used 15662K [0x0000000081e00000, 0x0000000100000000)
  region size 1024K, 6 young (6144K), 6 survivors (6144K)
 Metaspace       used 34623K, capacity 35825K, committed 35964K, reserved 1081344K
  class space    used 4148K, capacity 4629K, committed 4732K, reserved 1048576K
}

