# JRE version: Java(TM) SE Runtime Environment 18.9 (11.0.10+8) (build 11.0.10+8-LTS-162)
# Java VM: Java HotSpot(TM) 64-Bit Server VM 18.9 (11.0.10+8-LTS-162, mixed mode, tiered, compressed oops, g1 gc, windows-amd64)
Heap:
 garbage-first heap   total 189440K, used 67667K [0x0000000081e00000, 0x0000000100000000)
  region size 1024K, 48 young (49152K), 10 survivors (10240K)
 Metaspace       used 59082K, capacity 60971K, committed 61264K, reserved 1101824K
  class space    used 7468K, capacity 8225K, committed 8316K, reserved 1048576K
GC Heap History (10 events):
Event: 7.870 GC heap before
{Heap before GC invocations=6 (full 0):
 garbage-first heap   total 157696K, used 19489K [0x0000000081e00000, 0x0000000100000000)
  region size 1024K, 12 young (12288K), 7 survivors (7168K)
 Metaspace       used 34624K, capacity 35822K, committed 35964K, reserved 1081344K
  class space    used 4147K, capacity 4629K, committed 4732K, reserved 1048576K
}
Event: 7.891 GC heap after
{Heap after GC invocations=7 (full 0):
 garbage-first heap   total 157696K, used 15959K [0x0000000081e00000, 0x0000000100000000)
  region size 1024K, 6 young (6144K), 6 survivors (6144K)
 Metaspace       used 34624K, capacity 35822K, committed 35964K, reserved 1081344K
  class space    used 4147K, capacity 4629K, committed 4732K, reserved 1048576K
}
Event: 11.559 GC heap before
{Heap before GC invocations=8 (full 0):
 garbage-first heap   total 157696K, used 99927K [0x0000000081e00000, 0x0000000100000000)
  region size 1024K, 88 young (90112K), 6 survivors (6144K)
 Metaspace       used 47126K, capacity 48563K, committed 48764K, reserved 1091584K
  class space    used 5833K, capacity 6399K, committed 6524K, reserved 1048576K
}
Event: 11.585 GC heap after
{Heap after GC invocations=9 (full 0):
 garbage-first heap   total 157696K, used 20411K [0x0000000081e00000, 0x0000000100000000)
  region size 1024K, 11 young (11264K), 11 survivors (11264K)
 Metaspace       used 47126K, capacity 48563K, committed 48764K, reserved 1091584K
  class space    used 5833K, capacity 6399K, committed 6524K, reserved 1048576K
}
Event: 13.646 GC heap before
{Heap before GC invocations=9 (full 0):
 garbage-first heap   total 157696K, used 103355K [0x0000000081e00000, 0x0000000100000000)
  region size 1024K, 92 young (94208K), 11 survivors (11264K)
 Metaspace       used 54488K, capacity 56046K, committed 56188K, reserved 1097728K
  class space    used 6763K, capacity 7418K, committed 7548K, reserved 1048576K
}
Event: 13.673 GC heap after
{Heap after GC invocations=10 (full 0):
 garbage-first heap   total 157696K, used 24402K [0x0000000081e00000, 0x0000000100000000)
  region size 1024K, 10 young (10240K), 10 survivors (10240K)
 Metaspace       used 54488K, capacity 56046K, committed 56188K, reserved 1097728K
  class space    used 6763K, capacity 7418K, committed 7548K, reserved 1048576K
}
Event: 15.086 GC heap before
{Heap before GC invocations=10 (full 0):
 garbage-first heap   total 157696K, used 108370K [0x0000000081e00000, 0x0000000100000000)
  region size 1024K, 92 young (94208K), 10 survivors (10240K)
 Metaspace       used 57293K, capacity 59113K, committed 59260K, reserved 1099776K
  class space    used 7180K, capacity 7931K, committed 8060K, reserved 1048576K
}
Event: 15.119 GC heap after
{Heap after GC invocations=11 (full 0):
 garbage-first heap   total 189440K, used 28376K [0x0000000081e00000, 0x0000000100000000)
  region size 1024K, 8 young (8192K), 8 survivors (8192K)
 Metaspace       used 57293K, capacity 59113K, committed 59260K, reserved 1099776K
  class space    used 7180K, capacity 7931K, committed 8060K, reserved 1048576K
}
Event: 15.591 GC heap before
{Heap before GC invocations=11 (full 0):
 garbage-first heap   total 189440K, used 53976K [0x0000000081e00000, 0x0000000100000000)
  region size 1024K, 34 young (34816K), 8 survivors (8192K)
 Metaspace       used 58451K, capacity 60235K, committed 60368K, reserved 1101824K
  class space    used 7360K, capacity 8113K, committed 8188K, reserved 1048576K
}
Event: 15.614 GC heap after
{Heap after GC invocations=12 (full 0):
 garbage-first heap   total 189440K, used 29779K [0x0000000081e00000, 0x0000000100000000)
  region size 1024K, 10 young (10240K), 10 survivors (10240K)
 Metaspace       used 58451K, capacity 60235K, committed 60368K, reserved 1101824K
  class space    used 7360K, capacity 8113K, committed 8188K, reserved 1048576K
}

